[edu.google.com/intl/en_in/products/classroom/index.html]
[backblue.gif]
[fade.gif]
[index.html]
[edu.google.com/images/social_image.jpg]
[www.googletagmanager.com/gtmb1bf.js]
[edu.google.com/intl/en_in/products/workspace-for-education/index.html]
[edu.google.com/intl/en_in/products/workspace-for-education/education-standard/index.html]
[edu.google.com/intl/en_in/products/workspace-for-education/education-fundamentals/index.html]
[edu.google.com/intl/en_in/products/workspace-for-education/editions/index.html]
[edu.google.com/intl/en_in/products/workspace-for-education/education-plus/index.html]
[edu.google.com/intl/en_in/products/workspace-for-education/teaching-and-learning-upgrade/index.html]
[edu.google.com/assets/icons/mobile-app-stores/play-store.png]
[edu.google.com/intl/en_in/products/meet/index.html]
[edu.google.com/intl/en_in/products/chromebooks/index.html]
[edu.google.com/intl/en_in/products/google-cloud/index.html]
[edu.google.com/assets/icons/mobile-app-stores/app-store.png]
[edu.google.com/intl/en_in/products/jamboard/index.html]
[edu.google.com/intl/en_in/products/originality/index.html]
[edu.google.com/intl/en_in/products/vr-ar/index.html]
[edu.google.com/intl/en_in/products/classroom/apps/index.html]
[ajax.googleapis.com/ajax/libs/angularjs/1.6.10/angular.min.js]
[ajax.googleapis.com/ajax/libs/angularjs/1.6.10/angular-animate.min.js]
[ajax.googleapis.com/ajax/libs/angularjs/1.6.10/angular-touch.min.js]
[ajax.googleapis.com/ajax/libs/angularjs/1.6.10/angular-route.min.js]
[ajax.googleapis.com/ajax/libs/angularjs/1.6.10/angular-sanitize.min.js]
[www.gstatic.com/external_hosted/hammerjs/v2_0_2/hammer.min.js]
[edu.google.com/js/polyfill/main.min.js]
[edu.google.com/js/main/main.min.js]
[edu.google.com/intl/en_in/products/classroom/index.html]
[edu.google.com/assets/icons/forms/gfe-flags.jpg]
[edu.google.com/css/main/main.min.css]
[edu.google.com/intl/en_in/products/workspace-for-education/index.html]
[edu.google.com/intl/en_in/products/workspace-for-education/education-fundamentals/index.html]
[edu.google.com/intl/en_in/products/workspace-for-education/education-standard/index.html]
[edu.google.com/intl/en_in/products/workspace-for-education/teaching-and-learning-upgrade/index.html]
[edu.google.com/intl/en_in/products/workspace-for-education/education-plus/index.html]
[edu.google.com/intl/en_in/products/workspace-for-education/editions/index.html]
[edu.google.com/intl/en_in/products/meet/index.html]
[edu.google.com/intl/en_in/products/meet/editions/index.html]
[edu.google.com/intl/en_in/products/chromebooks/index.html]
[edu.google.com/intl/en_in/products/google-cloud/index.html]
[edu.google.com/intl/en_in/products/vr-ar/index.html]
[edu.google.com/intl/en_in/products/jamboard/index.html]
[edu.google.com/intl/en_in/products/originality/index.html]
[edu.google.com/intl/en_in/products/vr-ar/expeditions/index.html]
[edu.google.com/intl/en_in/products/classroom/apps/{[item.3e.delayed]
[edu.google.com/intl/en_in/products/classroom/apps/index.html]
[edu.google.com/intl/en_in/products/meet/editions/index.html]
[edu.google.com/intl/en_in/products/vr-ar/expeditions/index.html]
[edu.google.com/intl/en_in/products/classroom/apps/{[item.html]
